[2019-01-31 18:46:11,395|TT|INFO|realtime_collector.py:login:53] Login success
[2019-01-31 18:46:21,858|TT|INFO|realtime_collector.py:timer_call:65] 
[2019-01-31 18:46:21,858|TT|INFO|realtime_collector.py:timer_call:66] ====================================================================================================
[2019-01-31 18:46:21,858|TT|INFO|realtime_collector.py:timer_call:67] Timer Call !
[2019-01-31 18:46:21,858|TT|INFO|realtime_collector.py:timer_call:68] ====================================================================================================
[2019-01-31 18:46:32,360|TT|INFO|realtime_collector.py:timer_call:65] 
[2019-01-31 18:46:32,360|TT|INFO|realtime_collector.py:timer_call:66] ====================================================================================================
[2019-01-31 18:46:32,360|TT|INFO|realtime_collector.py:timer_call:67] Timer Call !
[2019-01-31 18:46:32,360|TT|INFO|realtime_collector.py:timer_call:68] ====================================================================================================
[2019-01-31 18:46:42,302|TT|INFO|realtime_collector.py:timer_call:65] 
[2019-01-31 18:46:42,302|TT|INFO|realtime_collector.py:timer_call:66] ====================================================================================================
[2019-01-31 18:46:42,302|TT|INFO|realtime_collector.py:timer_call:67] Timer Call !
[2019-01-31 18:46:42,303|TT|INFO|realtime_collector.py:timer_call:68] ====================================================================================================
[2019-01-31 18:46:52,294|TT|INFO|realtime_collector.py:timer_call:65] 
[2019-01-31 18:46:52,294|TT|INFO|realtime_collector.py:timer_call:66] ====================================================================================================
[2019-01-31 18:46:52,294|TT|INFO|realtime_collector.py:timer_call:67] Timer Call !
[2019-01-31 18:46:52,294|TT|INFO|realtime_collector.py:timer_call:68] ====================================================================================================
[2019-01-31 18:47:02,295|TT|INFO|realtime_collector.py:timer_call:65] 
[2019-01-31 18:47:02,295|TT|INFO|realtime_collector.py:timer_call:66] ====================================================================================================
[2019-01-31 18:47:02,295|TT|INFO|realtime_collector.py:timer_call:67] Timer Call !
[2019-01-31 18:47:02,295|TT|INFO|realtime_collector.py:timer_call:68] ====================================================================================================
[2019-01-31 18:47:12,305|TT|INFO|realtime_collector.py:timer_call:65] 
[2019-01-31 18:47:12,305|TT|INFO|realtime_collector.py:timer_call:66] ====================================================================================================
[2019-01-31 18:47:12,305|TT|INFO|realtime_collector.py:timer_call:67] Timer Call !
[2019-01-31 18:47:12,305|TT|INFO|realtime_collector.py:timer_call:68] ====================================================================================================
[2019-01-31 18:47:22,294|TT|INFO|realtime_collector.py:timer_call:65] 
[2019-01-31 18:47:22,294|TT|INFO|realtime_collector.py:timer_call:66] ====================================================================================================
[2019-01-31 18:47:22,294|TT|INFO|realtime_collector.py:timer_call:67] Timer Call !
[2019-01-31 18:47:22,294|TT|INFO|realtime_collector.py:timer_call:68] ====================================================================================================
[2019-01-31 18:47:32,295|TT|INFO|realtime_collector.py:timer_call:65] 
[2019-01-31 18:47:32,295|TT|INFO|realtime_collector.py:timer_call:66] ====================================================================================================
[2019-01-31 18:47:32,295|TT|INFO|realtime_collector.py:timer_call:67] Timer Call !
[2019-01-31 18:47:32,295|TT|INFO|realtime_collector.py:timer_call:68] ====================================================================================================
[2019-01-31 18:47:42,296|TT|INFO|realtime_collector.py:timer_call:65] 
[2019-01-31 18:47:42,296|TT|INFO|realtime_collector.py:timer_call:66] ====================================================================================================
[2019-01-31 18:47:42,296|TT|INFO|realtime_collector.py:timer_call:67] Timer Call !
[2019-01-31 18:47:42,296|TT|INFO|realtime_collector.py:timer_call:68] ====================================================================================================
[2019-01-31 18:47:52,294|TT|INFO|realtime_collector.py:timer_call:65] 
[2019-01-31 18:47:52,294|TT|INFO|realtime_collector.py:timer_call:66] ====================================================================================================
[2019-01-31 18:47:52,294|TT|INFO|realtime_collector.py:timer_call:67] Timer Call !
[2019-01-31 18:47:52,294|TT|INFO|realtime_collector.py:timer_call:68] ====================================================================================================
[2019-01-31 18:48:02,294|TT|INFO|realtime_collector.py:timer_call:65] 
[2019-01-31 18:48:02,295|TT|INFO|realtime_collector.py:timer_call:66] ====================================================================================================
[2019-01-31 18:48:02,295|TT|INFO|realtime_collector.py:timer_call:67] Timer Call !
[2019-01-31 18:48:02,295|TT|INFO|realtime_collector.py:timer_call:68] ====================================================================================================
[2019-01-31 18:48:12,753|TT|INFO|realtime_collector.py:timer_call:65] 
[2019-01-31 18:48:12,754|TT|INFO|realtime_collector.py:timer_call:66] ====================================================================================================
[2019-01-31 18:48:12,754|TT|INFO|realtime_collector.py:timer_call:67] Timer Call !
[2019-01-31 18:48:12,754|TT|INFO|realtime_collector.py:timer_call:68] ====================================================================================================
[2019-01-31 18:48:23,249|TT|INFO|realtime_collector.py:timer_call:65] 
[2019-01-31 18:48:23,249|TT|INFO|realtime_collector.py:timer_call:66] ====================================================================================================
[2019-01-31 18:48:23,249|TT|INFO|realtime_collector.py:timer_call:67] Timer Call !
[2019-01-31 18:48:23,249|TT|INFO|realtime_collector.py:timer_call:68] ====================================================================================================
[2019-01-31 18:48:32,695|TT|INFO|realtime_collector.py:timer_call:65] 
[2019-01-31 18:48:32,695|TT|INFO|realtime_collector.py:timer_call:66] ====================================================================================================
[2019-01-31 18:48:32,695|TT|INFO|realtime_collector.py:timer_call:67] Timer Call !
[2019-01-31 18:48:32,695|TT|INFO|realtime_collector.py:timer_call:68] ====================================================================================================
[2019-01-31 18:48:42,014|TT|INFO|realtime_collector.py:timer_call:65] 
[2019-01-31 18:48:42,015|TT|INFO|realtime_collector.py:timer_call:66] ====================================================================================================
[2019-01-31 18:48:42,015|TT|INFO|realtime_collector.py:timer_call:67] Timer Call !
[2019-01-31 18:48:42,015|TT|INFO|realtime_collector.py:timer_call:68] ====================================================================================================
[2019-01-31 18:48:52,262|TT|INFO|realtime_collector.py:timer_call:65] 
[2019-01-31 18:48:52,262|TT|INFO|realtime_collector.py:timer_call:66] ====================================================================================================
[2019-01-31 18:48:52,262|TT|INFO|realtime_collector.py:timer_call:67] Timer Call !
[2019-01-31 18:48:52,262|TT|INFO|realtime_collector.py:timer_call:68] ====================================================================================================
[2019-01-31 18:49:02,684|TT|INFO|realtime_collector.py:timer_call:65] 
[2019-01-31 18:49:02,684|TT|INFO|realtime_collector.py:timer_call:66] ====================================================================================================
[2019-01-31 18:49:02,684|TT|INFO|realtime_collector.py:timer_call:67] Timer Call !
[2019-01-31 18:49:02,684|TT|INFO|realtime_collector.py:timer_call:68] ====================================================================================================
[2019-01-31 18:49:12,686|TT|INFO|realtime_collector.py:timer_call:65] 
[2019-01-31 18:49:12,686|TT|INFO|realtime_collector.py:timer_call:66] ====================================================================================================
[2019-01-31 18:49:12,686|TT|INFO|realtime_collector.py:timer_call:67] Timer Call !
[2019-01-31 18:49:12,686|TT|INFO|realtime_collector.py:timer_call:68] ====================================================================================================
[2019-01-31 18:49:22,684|TT|INFO|realtime_collector.py:timer_call:65] 
[2019-01-31 18:49:22,684|TT|INFO|realtime_collector.py:timer_call:66] ====================================================================================================
[2019-01-31 18:49:22,684|TT|INFO|realtime_collector.py:timer_call:67] Timer Call !
[2019-01-31 18:49:22,684|TT|INFO|realtime_collector.py:timer_call:68] ====================================================================================================
[2019-01-31 18:49:32,684|TT|INFO|realtime_collector.py:timer_call:65] 
[2019-01-31 18:49:32,684|TT|INFO|realtime_collector.py:timer_call:66] ====================================================================================================
[2019-01-31 18:49:32,685|TT|INFO|realtime_collector.py:timer_call:67] Timer Call !
[2019-01-31 18:49:32,685|TT|INFO|realtime_collector.py:timer_call:68] ====================================================================================================
[2019-01-31 18:49:42,684|TT|INFO|realtime_collector.py:timer_call:65] 
[2019-01-31 18:49:42,684|TT|INFO|realtime_collector.py:timer_call:66] ====================================================================================================
[2019-01-31 18:49:42,684|TT|INFO|realtime_collector.py:timer_call:67] Timer Call !
[2019-01-31 18:49:42,684|TT|INFO|realtime_collector.py:timer_call:68] ====================================================================================================
[2019-01-31 18:49:52,684|TT|INFO|realtime_collector.py:timer_call:65] 
[2019-01-31 18:49:52,684|TT|INFO|realtime_collector.py:timer_call:66] ====================================================================================================
[2019-01-31 18:49:52,684|TT|INFO|realtime_collector.py:timer_call:67] Timer Call !
[2019-01-31 18:49:52,684|TT|INFO|realtime_collector.py:timer_call:68] ====================================================================================================
[2019-01-31 18:50:03,143|TT|INFO|realtime_collector.py:timer_call:65] 
[2019-01-31 18:50:03,143|TT|INFO|realtime_collector.py:timer_call:66] ====================================================================================================
[2019-01-31 18:50:03,143|TT|INFO|realtime_collector.py:timer_call:67] Timer Call !
[2019-01-31 18:50:03,143|TT|INFO|realtime_collector.py:timer_call:68] ====================================================================================================
[2019-01-31 18:50:13,639|TT|INFO|realtime_collector.py:timer_call:65] 
[2019-01-31 18:50:13,639|TT|INFO|realtime_collector.py:timer_call:66] ====================================================================================================
[2019-01-31 18:50:13,639|TT|INFO|realtime_collector.py:timer_call:67] Timer Call !
[2019-01-31 18:50:13,639|TT|INFO|realtime_collector.py:timer_call:68] ====================================================================================================
[2019-01-31 18:50:23,086|TT|INFO|realtime_collector.py:timer_call:65] 
[2019-01-31 18:50:23,086|TT|INFO|realtime_collector.py:timer_call:66] ====================================================================================================
[2019-01-31 18:50:23,086|TT|INFO|realtime_collector.py:timer_call:67] Timer Call !
[2019-01-31 18:50:23,086|TT|INFO|realtime_collector.py:timer_call:68] ====================================================================================================
[2019-01-31 18:50:32,407|TT|INFO|realtime_collector.py:timer_call:65] 
[2019-01-31 18:50:32,407|TT|INFO|realtime_collector.py:timer_call:66] ====================================================================================================
[2019-01-31 18:50:32,407|TT|INFO|realtime_collector.py:timer_call:67] Timer Call !
[2019-01-31 18:50:32,407|TT|INFO|realtime_collector.py:timer_call:68] ====================================================================================================
[2019-01-31 18:50:42,660|TT|INFO|realtime_collector.py:timer_call:65] 
[2019-01-31 18:50:42,660|TT|INFO|realtime_collector.py:timer_call:66] ====================================================================================================
[2019-01-31 18:50:42,660|TT|INFO|realtime_collector.py:timer_call:67] Timer Call !
[2019-01-31 18:50:42,660|TT|INFO|realtime_collector.py:timer_call:68] ====================================================================================================
[2019-01-31 18:50:53,089|TT|INFO|realtime_collector.py:timer_call:65] 
[2019-01-31 18:50:53,089|TT|INFO|realtime_collector.py:timer_call:66] ====================================================================================================
[2019-01-31 18:50:53,089|TT|INFO|realtime_collector.py:timer_call:67] Timer Call !
[2019-01-31 18:50:53,089|TT|INFO|realtime_collector.py:timer_call:68] ====================================================================================================
[2019-01-31 18:51:03,078|TT|INFO|realtime_collector.py:timer_call:65] 
[2019-01-31 18:51:03,078|TT|INFO|realtime_collector.py:timer_call:66] ====================================================================================================
[2019-01-31 18:51:03,078|TT|INFO|realtime_collector.py:timer_call:67] Timer Call !
[2019-01-31 18:51:03,078|TT|INFO|realtime_collector.py:timer_call:68] ====================================================================================================
[2019-01-31 18:51:13,546|TT|INFO|realtime_collector.py:timer_call:65] 
[2019-01-31 18:51:13,546|TT|INFO|realtime_collector.py:timer_call:66] ====================================================================================================
[2019-01-31 18:51:13,546|TT|INFO|realtime_collector.py:timer_call:67] Timer Call !
[2019-01-31 18:51:13,546|TT|INFO|realtime_collector.py:timer_call:68] ====================================================================================================
[2019-01-31 18:51:24,030|TT|INFO|realtime_collector.py:timer_call:65] 
[2019-01-31 18:51:24,030|TT|INFO|realtime_collector.py:timer_call:66] ====================================================================================================
[2019-01-31 18:51:24,031|TT|INFO|realtime_collector.py:timer_call:67] Timer Call !
[2019-01-31 18:51:24,031|TT|INFO|realtime_collector.py:timer_call:68] ====================================================================================================
[2019-01-31 18:51:33,476|TT|INFO|realtime_collector.py:timer_call:65] 
[2019-01-31 18:51:33,476|TT|INFO|realtime_collector.py:timer_call:66] ====================================================================================================
[2019-01-31 18:51:33,476|TT|INFO|realtime_collector.py:timer_call:67] Timer Call !
[2019-01-31 18:51:33,476|TT|INFO|realtime_collector.py:timer_call:68] ====================================================================================================
[2019-02-01 11:37:42,496|TT|INFO|realtime_collector.py:login:53] Login success
[2019-02-01 11:37:42,595|TT|INFO|realtime_collector.py:realtime_stream_callback:71] [realtime_stream_callback]
[2019-02-01 11:37:42,597|TT|INFO|realtime_collector.py:realtime_stream_callback:72] data: 113742	+9580	+1130	+13.37	+9580	+9570	+1	25709977	239905	+8520	+9730	+8510	2	+23489143	+221214322880	+1157.67	36.13	32	145.45	6816	2	0	+1283.54	000000	000000	187229	090012	111511	090012	10344307	15045413	+59.26	26109	35038	+9	 0	+1	+1	2874	2299
[2019-02-01 19:03:54,404|TT|INFO|realtime_collector.py:login:53] Login success
[2019-02-01 19:04:04,406|TT|INFO|realtime_collector.py:timer_call:65] 
[2019-02-01 19:04:04,406|TT|INFO|realtime_collector.py:timer_call:66] ====================================================================================================
[2019-02-01 19:04:04,406|TT|INFO|realtime_collector.py:timer_call:67] Timer Call !
[2019-02-01 19:04:04,406|TT|INFO|realtime_collector.py:timer_call:68] ====================================================================================================
[2019-02-01 19:04:14,459|TT|INFO|realtime_collector.py:timer_call:65] 
[2019-02-01 19:04:14,459|TT|INFO|realtime_collector.py:timer_call:66] ====================================================================================================
[2019-02-01 19:04:14,459|TT|INFO|realtime_collector.py:timer_call:67] Timer Call !
[2019-02-01 19:04:14,459|TT|INFO|realtime_collector.py:timer_call:68] ====================================================================================================
[2019-02-01 19:04:25,404|TT|INFO|realtime_collector.py:timer_call:65] 
[2019-02-01 19:04:25,405|TT|INFO|realtime_collector.py:timer_call:66] ====================================================================================================
[2019-02-01 19:04:25,405|TT|INFO|realtime_collector.py:timer_call:67] Timer Call !
[2019-02-01 19:04:25,405|TT|INFO|realtime_collector.py:timer_call:68] ====================================================================================================
[2019-02-01 19:04:35,251|TT|INFO|realtime_collector.py:timer_call:65] 
[2019-02-01 19:04:35,251|TT|INFO|realtime_collector.py:timer_call:66] ====================================================================================================
[2019-02-01 19:04:35,251|TT|INFO|realtime_collector.py:timer_call:67] Timer Call !
[2019-02-01 19:04:35,252|TT|INFO|realtime_collector.py:timer_call:68] ====================================================================================================
[2019-02-01 19:04:44,209|TT|INFO|realtime_collector.py:timer_call:65] 
[2019-02-01 19:04:44,209|TT|INFO|realtime_collector.py:timer_call:66] ====================================================================================================
[2019-02-01 19:04:44,209|TT|INFO|realtime_collector.py:timer_call:67] Timer Call !
[2019-02-01 19:04:44,209|TT|INFO|realtime_collector.py:timer_call:68] ====================================================================================================
[2019-02-01 19:04:54,059|TT|INFO|realtime_collector.py:timer_call:65] 
[2019-02-01 19:04:54,059|TT|INFO|realtime_collector.py:timer_call:66] ====================================================================================================
[2019-02-01 19:04:54,059|TT|INFO|realtime_collector.py:timer_call:67] Timer Call !
[2019-02-01 19:04:54,060|TT|INFO|realtime_collector.py:timer_call:68] ====================================================================================================
[2019-02-01 19:05:04,796|TT|INFO|realtime_collector.py:timer_call:65] 
[2019-02-01 19:05:04,796|TT|INFO|realtime_collector.py:timer_call:66] ====================================================================================================
[2019-02-01 19:05:04,796|TT|INFO|realtime_collector.py:timer_call:67] Timer Call !
[2019-02-01 19:05:04,796|TT|INFO|realtime_collector.py:timer_call:68] ====================================================================================================
[2019-02-01 19:05:14,806|TT|INFO|realtime_collector.py:timer_call:65] 
[2019-02-01 19:05:14,806|TT|INFO|realtime_collector.py:timer_call:66] ====================================================================================================
[2019-02-01 19:05:14,806|TT|INFO|realtime_collector.py:timer_call:67] Timer Call !
[2019-02-01 19:05:14,806|TT|INFO|realtime_collector.py:timer_call:68] ====================================================================================================
[2019-02-01 19:05:24,796|TT|INFO|realtime_collector.py:timer_call:65] 
[2019-02-01 19:05:24,796|TT|INFO|realtime_collector.py:timer_call:66] ====================================================================================================
[2019-02-01 19:05:24,796|TT|INFO|realtime_collector.py:timer_call:67] Timer Call !
[2019-02-01 19:05:24,796|TT|INFO|realtime_collector.py:timer_call:68] ====================================================================================================
[2019-02-01 19:46:26,625|TT|INFO|realtime_collector.py:login:53] Login success
[2019-02-01 19:46:36,920|TT|INFO|realtime_collector.py:timer_call:65] 
[2019-02-01 19:46:36,920|TT|INFO|realtime_collector.py:timer_call:66] ====================================================================================================
[2019-02-01 19:46:36,920|TT|INFO|realtime_collector.py:timer_call:67] Timer Call !
[2019-02-01 19:46:36,921|TT|INFO|realtime_collector.py:timer_call:68] ====================================================================================================
[2019-02-01 19:46:47,307|TT|INFO|realtime_collector.py:timer_call:65] 
[2019-02-01 19:46:47,308|TT|INFO|realtime_collector.py:timer_call:66] ====================================================================================================
[2019-02-01 19:46:47,308|TT|INFO|realtime_collector.py:timer_call:67] Timer Call !
[2019-02-01 19:46:47,308|TT|INFO|realtime_collector.py:timer_call:68] ====================================================================================================
[2019-02-02 08:04:21,060|TT|INFO|realtime_collector.py:login:53] Login success
[2019-02-02 08:04:29,980|TT|INFO|realtime_collector.py:timer_call:65] 
[2019-02-02 08:04:29,980|TT|INFO|realtime_collector.py:timer_call:66] ====================================================================================================
[2019-02-02 08:04:29,980|TT|INFO|realtime_collector.py:timer_call:67] Timer Call !
[2019-02-02 08:04:29,980|TT|INFO|realtime_collector.py:timer_call:68] ====================================================================================================
[2019-02-02 08:04:46,440|TT|INFO|realtime_collector.py:login:53] Login success
[2019-02-02 08:25:46,255|TT|INFO|realtime_collector.py:timer_call:65] 
[2019-02-02 08:25:46,255|TT|INFO|realtime_collector.py:timer_call:66] ====================================================================================================
[2019-02-02 08:25:46,255|TT|INFO|realtime_collector.py:timer_call:67] Timer Call !
[2019-02-02 08:25:46,255|TT|INFO|realtime_collector.py:timer_call:68] ====================================================================================================
[2019-02-02 08:26:14,061|TT|INFO|realtime_collector.py:timer_call:65] 
[2019-02-02 08:26:18,033|TT|INFO|realtime_collector.py:timer_call:66] ====================================================================================================
[2019-02-02 08:26:19,460|TT|INFO|realtime_collector.py:timer_call:67] Timer Call !
[2019-02-02 08:26:36,776|TT|INFO|realtime_collector.py:timer_call:68] ====================================================================================================
[2019-02-02 08:26:46,599|TT|INFO|realtime_collector.py:timer_call:65] 
[2019-02-02 08:26:46,600|TT|INFO|realtime_collector.py:timer_call:66] ====================================================================================================
[2019-02-02 08:26:46,600|TT|INFO|realtime_collector.py:timer_call:67] Timer Call !
[2019-02-02 08:26:46,601|TT|INFO|realtime_collector.py:timer_call:68] ====================================================================================================
[2019-02-02 08:33:03,859|TT|INFO|rt_hoga_collector.py:login:53] Login success
[2019-02-02 08:33:13,857|TT|INFO|rt_hoga_collector.py:timer_call:65] 
[2019-02-02 08:33:13,858|TT|INFO|rt_hoga_collector.py:timer_call:66] ====================================================================================================
[2019-02-02 08:33:13,858|TT|INFO|rt_hoga_collector.py:timer_call:67] Timer Call !
[2019-02-02 08:33:13,858|TT|INFO|rt_hoga_collector.py:timer_call:68] ====================================================================================================
[2019-02-02 08:33:23,858|TT|INFO|rt_hoga_collector.py:timer_call:65] 
[2019-02-02 08:33:23,858|TT|INFO|rt_hoga_collector.py:timer_call:66] ====================================================================================================
[2019-02-02 08:33:23,858|TT|INFO|rt_hoga_collector.py:timer_call:67] Timer Call !
[2019-02-02 08:33:23,858|TT|INFO|rt_hoga_collector.py:timer_call:68] ====================================================================================================
[2019-02-02 08:33:33,855|TT|INFO|rt_hoga_collector.py:timer_call:65] 
[2019-02-02 08:33:33,855|TT|INFO|rt_hoga_collector.py:timer_call:66] ====================================================================================================
[2019-02-02 08:33:33,855|TT|INFO|rt_hoga_collector.py:timer_call:67] Timer Call !
[2019-02-02 08:33:33,855|TT|INFO|rt_hoga_collector.py:timer_call:68] ====================================================================================================
[2019-02-02 08:33:43,856|TT|INFO|rt_hoga_collector.py:timer_call:65] 
[2019-02-02 08:33:43,856|TT|INFO|rt_hoga_collector.py:timer_call:66] ====================================================================================================
[2019-02-02 08:33:43,856|TT|INFO|rt_hoga_collector.py:timer_call:67] Timer Call !
[2019-02-02 08:33:43,856|TT|INFO|rt_hoga_collector.py:timer_call:68] ====================================================================================================
[2019-02-02 08:34:37,778|TT|INFO|rt_hoga_collector.py:login:53] Login success
[2019-02-02 08:34:48,351|TT|INFO|rt_hoga_collector.py:timer_call:65] 
[2019-02-02 08:34:48,351|TT|INFO|rt_hoga_collector.py:timer_call:66] ====================================================================================================
[2019-02-02 08:34:48,351|TT|INFO|rt_hoga_collector.py:timer_call:67] Timer Call !
[2019-02-02 08:34:48,351|TT|INFO|rt_hoga_collector.py:timer_call:68] ====================================================================================================
[2019-02-02 08:34:57,874|TT|INFO|rt_hoga_collector.py:timer_call:65] 
[2019-02-02 08:34:57,874|TT|INFO|rt_hoga_collector.py:timer_call:66] ====================================================================================================
[2019-02-02 08:34:57,874|TT|INFO|rt_hoga_collector.py:timer_call:67] Timer Call !
[2019-02-02 08:34:57,874|TT|INFO|rt_hoga_collector.py:timer_call:68] ====================================================================================================
[2019-02-02 08:35:07,123|TT|INFO|rt_hoga_collector.py:timer_call:65] 
[2019-02-02 08:35:07,123|TT|INFO|rt_hoga_collector.py:timer_call:66] ====================================================================================================
[2019-02-02 08:35:07,123|TT|INFO|rt_hoga_collector.py:timer_call:67] Timer Call !
[2019-02-02 08:35:07,123|TT|INFO|rt_hoga_collector.py:timer_call:68] ====================================================================================================
[2019-02-02 08:46:34,985|TT|INFO|rt_hoga_collector.py:login:53] Login success
[2019-02-02 08:46:45,146|TT|INFO|rt_hoga_collector.py:timer_call:65] 
[2019-02-02 08:46:45,146|TT|INFO|rt_hoga_collector.py:timer_call:66] ====================================================================================================
[2019-02-02 08:46:45,146|TT|INFO|rt_hoga_collector.py:timer_call:67] Timer Call !
[2019-02-02 08:46:45,146|TT|INFO|rt_hoga_collector.py:timer_call:68] ====================================================================================================
[2019-02-02 09:34:05,994|TT|INFO|realtime_collector.py:login:53] Login success
[2019-02-02 09:34:15,985|TT|INFO|realtime_collector.py:timer_call:65] 
[2019-02-02 09:34:15,985|TT|INFO|realtime_collector.py:timer_call:66] ====================================================================================================
[2019-02-02 09:34:15,985|TT|INFO|realtime_collector.py:timer_call:67] Timer Call !
[2019-02-02 09:34:15,986|TT|INFO|realtime_collector.py:timer_call:68] ====================================================================================================
[2019-02-07 01:36:05,256|TT|INFO|rt_hoga_collector.py:login:53] Login success
[2019-02-07 01:36:15,257|TT|INFO|rt_hoga_collector.py:timer_call:65] 
[2019-02-07 01:36:15,257|TT|INFO|rt_hoga_collector.py:timer_call:66] ====================================================================================================
[2019-02-07 01:36:15,257|TT|INFO|rt_hoga_collector.py:timer_call:67] Timer Call !
[2019-02-07 01:36:15,257|TT|INFO|rt_hoga_collector.py:timer_call:68] ====================================================================================================
[2019-02-07 01:36:25,271|TT|INFO|rt_hoga_collector.py:timer_call:65] 
[2019-02-07 01:36:25,271|TT|INFO|rt_hoga_collector.py:timer_call:66] ====================================================================================================
[2019-02-07 01:36:25,271|TT|INFO|rt_hoga_collector.py:timer_call:67] Timer Call !
[2019-02-07 01:36:25,271|TT|INFO|rt_hoga_collector.py:timer_call:68] ====================================================================================================
[2019-02-07 01:36:36,268|TT|INFO|rt_hoga_collector.py:timer_call:65] 
[2019-02-07 01:36:36,269|TT|INFO|rt_hoga_collector.py:timer_call:66] ====================================================================================================
[2019-02-07 01:36:36,269|TT|INFO|rt_hoga_collector.py:timer_call:67] Timer Call !
[2019-02-07 01:36:36,269|TT|INFO|rt_hoga_collector.py:timer_call:68] ====================================================================================================
[2019-02-07 01:36:46,156|TT|INFO|rt_hoga_collector.py:timer_call:65] 
[2019-02-07 01:36:46,156|TT|INFO|rt_hoga_collector.py:timer_call:66] ====================================================================================================
[2019-02-07 01:36:46,156|TT|INFO|rt_hoga_collector.py:timer_call:67] Timer Call !
[2019-02-07 01:36:46,156|TT|INFO|rt_hoga_collector.py:timer_call:68] ====================================================================================================
